<?xml version="1.0" encoding="UTF-8"?>
<testsuite xmlns:xsi="http://www.w3.org/2001/XMLSchema-instance" xsi:noNamespaceSchemaLocation="https://maven.apache.org/surefire/maven-surefire-plugin/xsd/surefire-test-report-3.0.xsd" version="3.0" name="lab1.SecantTest" time="0.033" tests="54" errors="0" skipped="0" failures="0">
  <properties>
    <property name="java.specification.version" value="17"/>
    <property name="sun.jnu.encoding" value="UTF-8"/>
    <property name="java.class.path" value="/Users/olevegic/home/dev/tpo/lab1/target/test-classes:/Users/olevegic/home/dev/tpo/lab1/target/classes:/Users/olevegic/.m2/repository/junit/junit/4.13.2/junit-4.13.2.jar:/Users/olevegic/.m2/repository/org/hamcrest/hamcrest-core/1.3/hamcrest-core-1.3.jar:"/>
    <property name="java.vm.vendor" value="Oracle Corporation"/>
    <property name="sun.arch.data.model" value="64"/>
    <property name="java.vendor.url" value="https://java.oracle.com/"/>
    <property name="os.name" value="Mac OS X"/>
    <property name="java.vm.specification.version" value="17"/>
    <property name="sun.java.launcher" value="SUN_STANDARD"/>
    <property name="user.country" value="GB"/>
    <property name="sun.boot.library.path" value="/Library/Java/JavaVirtualMachines/jdk-17.jdk/Contents/Home/lib"/>
    <property name="sun.java.command" value="/Users/olevegic/home/dev/tpo/lab1/target/surefire/surefirebooter-20250228143805209_3.jar /Users/olevegic/home/dev/tpo/lab1/target/surefire 2025-02-28T14-38-05_112-jvmRun1 surefire-20250228143805209_1tmp surefire_0-20250228143805209_2tmp"/>
    <property name="jdk.debug" value="release"/>
    <property name="surefire.test.class.path" value="/Users/olevegic/home/dev/tpo/lab1/target/test-classes:/Users/olevegic/home/dev/tpo/lab1/target/classes:/Users/olevegic/.m2/repository/junit/junit/4.13.2/junit-4.13.2.jar:/Users/olevegic/.m2/repository/org/hamcrest/hamcrest-core/1.3/hamcrest-core-1.3.jar:"/>
    <property name="sun.cpu.endian" value="little"/>
    <property name="user.home" value="/Users/olevegic"/>
    <property name="user.language" value="en"/>
    <property name="java.specification.vendor" value="Oracle Corporation"/>
    <property name="java.version.date" value="2024-04-16"/>
    <property name="java.home" value="/Library/Java/JavaVirtualMachines/jdk-17.jdk/Contents/Home"/>
    <property name="file.separator" value="/"/>
    <property name="basedir" value="/Users/olevegic/home/dev/tpo/lab1"/>
    <property name="java.vm.compressedOopsMode" value="Zero based"/>
    <property name="line.separator" value="&#10;"/>
    <property name="java.vm.specification.vendor" value="Oracle Corporation"/>
    <property name="java.specification.name" value="Java Platform API Specification"/>
    <property name="surefire.real.class.path" value="/Users/olevegic/home/dev/tpo/lab1/target/surefire/surefirebooter-20250228143805209_3.jar"/>
    <property name="sun.management.compiler" value="HotSpot 64-Bit Tiered Compilers"/>
    <property name="java.runtime.version" value="17.0.11+7-LTS-207"/>
    <property name="user.name" value="olevegic"/>
    <property name="path.separator" value=":"/>
    <property name="os.version" value="12.7.6"/>
    <property name="java.runtime.name" value="Java(TM) SE Runtime Environment"/>
    <property name="file.encoding" value="UTF-8"/>
    <property name="java.vm.name" value="Java HotSpot(TM) 64-Bit Server VM"/>
    <property name="localRepository" value="/Users/olevegic/.m2/repository"/>
    <property name="java.vendor.url.bug" value="https://bugreport.java.com/bugreport/"/>
    <property name="java.io.tmpdir" value="/var/folders/m4/6n5lk3k92vbby52bw3k9vkyw0000gn/T/"/>
    <property name="java.version" value="17.0.11"/>
    <property name="user.dir" value="/Users/olevegic/home/dev/tpo/lab1"/>
    <property name="os.arch" value="x86_64"/>
    <property name="java.vm.specification.name" value="Java Virtual Machine Specification"/>
    <property name="native.encoding" value="UTF-8"/>
    <property name="java.library.path" value="/Users/olevegic/Library/Java/Extensions:/Library/Java/Extensions:/Network/Library/Java/Extensions:/System/Library/Java/Extensions:/usr/lib/java:."/>
    <property name="java.vm.info" value="mixed mode, sharing"/>
    <property name="java.vendor" value="Oracle Corporation"/>
    <property name="java.vm.version" value="17.0.11+7-LTS-207"/>
    <property name="sun.io.unicode.encoding" value="UnicodeBig"/>
    <property name="java.class.version" value="61.0"/>
  </properties>
  <testcase name="testPeriodicity[sec(0, terms=10) (delta=0, nearAsymptote=false)]" classname="lab1.SecantTest" time="0.001"/>
  <testcase name="testExactAsymptotes[sec(0, terms=10) (delta=0, nearAsymptote=false)]" classname="lab1.SecantTest" time="0.006"/>
  <testcase name="testSecant[sec(0, terms=10) (delta=0, nearAsymptote=false)]" classname="lab1.SecantTest" time="0.003"/>
  <testcase name="testPeriodicity[sec(0.785, terms=50) (delta=0, nearAsymptote=false)]" classname="lab1.SecantTest" time="0.0"/>
  <testcase name="testExactAsymptotes[sec(0.785, terms=50) (delta=0, nearAsymptote=false)]" classname="lab1.SecantTest" time="0.001"/>
  <testcase name="testSecant[sec(0.785, terms=50) (delta=0, nearAsymptote=false)]" classname="lab1.SecantTest" time="0.0"/>
  <testcase name="testPeriodicity[sec(-0.785, terms=50) (delta=0, nearAsymptote=false)]" classname="lab1.SecantTest" time="0.001"/>
  <testcase name="testExactAsymptotes[sec(-0.785, terms=50) (delta=0, nearAsymptote=false)]" classname="lab1.SecantTest" time="0.0"/>
  <testcase name="testSecant[sec(-0.785, terms=50) (delta=0, nearAsymptote=false)]" classname="lab1.SecantTest" time="0.0"/>
  <testcase name="testPeriodicity[sec(1.047, terms=15) (delta=0, nearAsymptote=false)]" classname="lab1.SecantTest" time="0.001"/>
  <testcase name="testExactAsymptotes[sec(1.047, terms=15) (delta=0, nearAsymptote=false)]" classname="lab1.SecantTest" time="0.0"/>
  <testcase name="testSecant[sec(1.047, terms=15) (delta=0, nearAsymptote=false)]" classname="lab1.SecantTest" time="0.0"/>
  <testcase name="testPeriodicity[sec(1.571, terms=200) (delta=0, nearAsymptote=true)]" classname="lab1.SecantTest" time="0.0"/>
  <testcase name="testPeriodicity[sec(1.571, terms=200) (delta=0, nearAsymptote=true)]" classname="lab1.SecantTest" time="0.0"/>
  <testcase name="testExactAsymptotes[sec(1.571, terms=200) (delta=0, nearAsymptote=true)]" classname="lab1.SecantTest" time="0.0"/>
  <testcase name="testExactAsymptotes[sec(1.571, terms=200) (delta=0, nearAsymptote=true)]" classname="lab1.SecantTest" time="0.0"/>
  <testcase name="testSecant[sec(1.571, terms=200) (delta=0, nearAsymptote=true)]" classname="lab1.SecantTest" time="0.0"/>
  <testcase name="testSecant[sec(1.571, terms=200) (delta=0, nearAsymptote=true)]" classname="lab1.SecantTest" time="0.0"/>
  <testcase name="testPeriodicity[sec(4.712, terms=200) (delta=0, nearAsymptote=true)]" classname="lab1.SecantTest" time="0.0"/>
  <testcase name="testPeriodicity[sec(4.712, terms=200) (delta=0, nearAsymptote=true)]" classname="lab1.SecantTest" time="0.001"/>
  <testcase name="testExactAsymptotes[sec(4.712, terms=200) (delta=0, nearAsymptote=true)]" classname="lab1.SecantTest" time="0.0"/>
  <testcase name="testExactAsymptotes[sec(4.712, terms=200) (delta=0, nearAsymptote=true)]" classname="lab1.SecantTest" time="0.0"/>
  <testcase name="testSecant[sec(4.712, terms=200) (delta=0, nearAsymptote=true)]" classname="lab1.SecantTest" time="0.0"/>
  <testcase name="testSecant[sec(4.712, terms=200) (delta=0, nearAsymptote=true)]" classname="lab1.SecantTest" time="0.0"/>
  <testcase name="testPeriodicity[sec(1, terms=50) (delta=0, nearAsymptote=false)]" classname="lab1.SecantTest" time="0.0"/>
  <testcase name="testExactAsymptotes[sec(1, terms=50) (delta=0, nearAsymptote=false)]" classname="lab1.SecantTest" time="0.0"/>
  <testcase name="testSecant[sec(1, terms=50) (delta=0, nearAsymptote=false)]" classname="lab1.SecantTest" time="0.0"/>
  <testcase name="testPeriodicity[sec(2, terms=50) (delta=0, nearAsymptote=false)]" classname="lab1.SecantTest" time="0.0"/>
  <testcase name="testExactAsymptotes[sec(2, terms=50) (delta=0, nearAsymptote=false)]" classname="lab1.SecantTest" time="0.001"/>
  <testcase name="testSecant[sec(2, terms=50) (delta=0, nearAsymptote=false)]" classname="lab1.SecantTest" time="0.0"/>
  <testcase name="testPeriodicity[sec(4, terms=50) (delta=0, nearAsymptote=false)]" classname="lab1.SecantTest" time="0.0"/>
  <testcase name="testExactAsymptotes[sec(4, terms=50) (delta=0, nearAsymptote=false)]" classname="lab1.SecantTest" time="0.0"/>
  <testcase name="testSecant[sec(4, terms=50) (delta=0, nearAsymptote=false)]" classname="lab1.SecantTest" time="0.0"/>
  <testcase name="testPeriodicity[sec(3.142, terms=50) (delta=0, nearAsymptote=false)]" classname="lab1.SecantTest" time="0.0"/>
  <testcase name="testExactAsymptotes[sec(3.142, terms=50) (delta=0, nearAsymptote=false)]" classname="lab1.SecantTest" time="0.0"/>
  <testcase name="testSecant[sec(3.142, terms=50) (delta=0, nearAsymptote=false)]" classname="lab1.SecantTest" time="0.0"/>
  <testcase name="testPeriodicity[sec(6.283, terms=50) (delta=0, nearAsymptote=false)]" classname="lab1.SecantTest" time="0.0"/>
  <testcase name="testExactAsymptotes[sec(6.283, terms=50) (delta=0, nearAsymptote=false)]" classname="lab1.SecantTest" time="0.001"/>
  <testcase name="testSecant[sec(6.283, terms=50) (delta=0, nearAsymptote=false)]" classname="lab1.SecantTest" time="0.0"/>
  <testcase name="testPeriodicity[sec(-1.57, terms=200) (delta=0, nearAsymptote=false)]" classname="lab1.SecantTest" time="0.0"/>
  <testcase name="testExactAsymptotes[sec(-1.57, terms=200) (delta=0, nearAsymptote=false)]" classname="lab1.SecantTest" time="0.0"/>
  <testcase name="testSecant[sec(-1.57, terms=200) (delta=0, nearAsymptote=false)]" classname="lab1.SecantTest" time="0.0"/>
  <testcase name="testPeriodicity[sec(1,000, terms=50) (delta=0, nearAsymptote=false)]" classname="lab1.SecantTest" time="0.0"/>
  <testcase name="testExactAsymptotes[sec(1,000, terms=50) (delta=0, nearAsymptote=false)]" classname="lab1.SecantTest" time="0.0"/>
  <testcase name="testSecant[sec(1,000, terms=50) (delta=0, nearAsymptote=false)]" classname="lab1.SecantTest" time="0.001"/>
  <testcase name="testPeriodicity[sec(-1,000, terms=50) (delta=0, nearAsymptote=false)]" classname="lab1.SecantTest" time="0.0"/>
  <testcase name="testExactAsymptotes[sec(-1,000, terms=50) (delta=0, nearAsymptote=false)]" classname="lab1.SecantTest" time="0.0"/>
  <testcase name="testSecant[sec(-1,000, terms=50) (delta=0, nearAsymptote=false)]" classname="lab1.SecantTest" time="0.001"/>
  <testcase name="testPeriodicity[sec(1.571, terms=200) (delta=0, nearAsymptote=false)]" classname="lab1.SecantTest" time="0.0"/>
  <testcase name="testExactAsymptotes[sec(1.571, terms=200) (delta=0, nearAsymptote=false)]" classname="lab1.SecantTest" time="0.0"/>
  <testcase name="testSecant[sec(1.571, terms=200) (delta=0, nearAsymptote=false)]" classname="lab1.SecantTest" time="0.0"/>
  <testcase name="testPeriodicity[sec(4.713, terms=200) (delta=0, nearAsymptote=false)]" classname="lab1.SecantTest" time="0.0"/>
  <testcase name="testExactAsymptotes[sec(4.713, terms=200) (delta=0, nearAsymptote=false)]" classname="lab1.SecantTest" time="0.0"/>
  <testcase name="testSecant[sec(4.713, terms=200) (delta=0, nearAsymptote=false)]" classname="lab1.SecantTest" time="0.0"/>
</testsuite>